"D:/UE_Project/ShatteredReality/Content/ThirdPersonBP/ThirdPersonOverview.uasset" 0
"../../../Engine/Content/Animation/DefaultAnimBoneCompressionSettings.uasset" 1
"../../../Engine/Content/Animation/DefaultAnimCurveCompressionSettings.uasset" 2
"../../../Engine/Content/Functions/Engine_MaterialFunctions01/Opacity/CameraDepthFade.uasset" 3
"../../../Engine/Content/EngineMaterials/T_Default_Material_Grid_M.uasset" 4
"../../../Engine/Content/EngineMaterials/T_Default_Material_Grid_N.uasset" 5
"../../../Engine/Content/EngineMaterials/WorldGridMaterial.uasset" 6
"../../../Engine/Content/ArtTools/RenderToTexture/Meshes/S_1_Unit_Plane.uasset" 7
"../../../Engine/Content/EngineMaterials/DefaultMaterial.uasset" 8
"../../../Engine/Content/BasicShapes/Cone.uasset" 9
"../../../Engine/Content/BasicShapes/Cylinder.uasset" 10
"../../../Engine/Content/BasicShapes/Sphere.uasset" 11
"../../../Engine/Content/EditorLandscapeResources/DataLayer.uasset" 12
"../../../Engine/Content/EditorMaterials/MAT_Groups_Toggle.uasset" 13
"../../../Engine/Content/EditorMaterials/MAT_Groups_Visibility.uasset" 14
"../../../Engine/Content/EditorMaterials/PreviewShadowIndicator.uasset" 15
"../../../Engine/Content/EditorMaterials/PreviewShadowIndicatorMaterial.uasset" 16
"../../../Engine/Content/EditorMaterials/MatineeGroups/MAT_ColorTrack.uasset" 17
"../../../Engine/Content/EditorMaterials/MatineeGroups/MAT_Groups_Anim.uasset" 18
"../../../Engine/Content/EditorMaterials/MatineeGroups/MAT_Groups_AudioMaster.uasset" 19
"../../../Engine/Content/EditorMaterials/MatineeGroups/MAT_Groups_Director.uasset" 20
"../../../Engine/Content/EditorMaterials/MatineeGroups/MAT_Groups_Event.uasset" 21
"../../../Engine/Content/EditorMaterials/MatineeGroups/MAT_Groups_Fade.uasset" 22
"../../../Engine/Content/EditorMaterials/MatineeGroups/MAT_Groups_Float.uasset" 23
"../../../Engine/Content/EditorMaterials/MatineeGroups/MAT_Groups_Move.uasset" 24
"../../../Engine/Content/EditorMaterials/MatineeGroups/MAT_Groups_Slomo.uasset" 25
"../../../Engine/Content/EditorMaterials/MatineeGroups/MAT_Groups_Sound.uasset" 26
"../../../Engine/Content/EditorMaterials/MatineeGroups/MAT_Groups_Vector.uasset" 27
"../../../Engine/Content/EditorMaterials/ParticleSystems/PSysThumbnail_NoImage.uasset" 28
"../../../Engine/Content/EditorMaterials/ParticleSystems/PSysThumbnail_OOD.uasset" 29
"../../../Engine/Content/EditorMaterials/Camera/CineMat.uasset" 30
"../../../Engine/Content/EditorMaterials/Camera/MI_CineMat_Rig.uasset" 31
"../../../Engine/Content/EditorMeshes/Camera/SM_CraneRig_Arm.uasset" 32
"../../../Engine/Content/EditorMeshes/Camera/SM_CraneRig_Base.uasset" 33
"../../../Engine/Content/EditorMeshes/Camera/SM_CraneRig_Body.uasset" 34
"../../../Engine/Content/EditorMeshes/Camera/SM_CraneRig_Mount.uasset" 35
"../../../Engine/Content/EditorMeshes/Camera/SM_RailRig_Mount.uasset" 36
"../../../Engine/Content/EditorMeshes/Camera/SM_RailRig_Track.uasset" 37
"../../../Engine/Content/EditorResources/BSPVertex.uasset" 38
"../../../Engine/Content/EditorResources/EmptyActor.uasset" 39
"../../../Engine/Content/EditorResources/S_Actor.uasset" 40
"../../../Engine/Content/EditorResources/S_Note.uasset" 41
"../../../Engine/Content/EditorResources/S_Solver.uasset" 42
"../../../Engine/Content/EditorResources/S_Trigger.uasset" 43
"../../../Engine/Content/EditorResources/LightIcons/S_LightError.uasset" 44
"../../../Engine/Content/EditorResources/SequenceRecorder/Countdown.uasset" 45
"../../../Engine/Content/EditorResources/SequenceRecorder/RecordingIndicator.uasset" 46
"../../../Engine/Content/EditorSounds/Notifications/CompileFailed.uasset" 47
"../../../Engine/Content/EditorSounds/Notifications/CompileFailed_Cue.uasset" 48
"../../../Engine/Content/EditorSounds/Notifications/CompileSuccess.uasset" 49
"../../../Engine/Content/EditorSounds/Notifications/CompileStart_Cue.uasset" 50
"../../../Engine/Content/EditorSounds/Notifications/CompileSuccess_Cue.uasset" 51
"../../../Engine/Content/EngineDamageTypes/DmgTypeBP_Environmental.uasset" 52
"../../../Engine/Content/EngineDebugMaterials/DebugEditorMaterial.uasset" 53
"../../../Engine/Content/EngineDebugMaterials/DebugMeshMaterial.uasset" 54
"../../../Engine/Content/EngineDebugMaterials/M_SimpleUnlitTranslucent.uasset" 55
"../../../Engine/Content/Functions/Engine_MaterialFunctions02/Utility/CameraDirectionVector.uasset" 56
"../../../Engine/Content/EngineDebugMaterials/VolumeToRender.uasset" 57
"../../../Engine/Content/EngineDebugMaterials/M_VolumeRenderSphereTracePP.uasset" 58
"../../../Engine/Content/EngineDebugMaterials/WireframeMaterial.uasset" 59
"../../../Engine/Content/EngineFonts/Faces/DroidSansFallback.uasset" 60
"../../../Engine/Content/EngineFonts/Faces/RobotoBold.uasset" 61
"../../../Engine/Content/EngineFonts/Faces/RobotoBoldItalic.uasset" 62
"../../../Engine/Content/EngineFonts/Faces/RobotoItalic.uasset" 63
"../../../Engine/Content/EngineFonts/Faces/RobotoLight.uasset" 64
"../../../Engine/Content/EngineFonts/Faces/RobotoRegular.uasset" 65
"../../../Engine/Content/EngineFonts/Roboto.uasset" 66
"../../../Engine/Content/EngineMaterials/BaseFlattenDiffuseMap.uasset" 67
"../../../Engine/Content/EngineMaterials/BaseFlattenEmissiveMap.uasset" 68
"../../../Engine/Content/EngineMaterials/BaseFlattenGrayscaleMap.uasset" 69
"../../../Engine/Content/EngineMaterials/BaseFlattenNormalMap.uasset" 70
"../../../Engine/Content/EngineMaterials/BaseFlattenMaterial.uasset" 71
"../../../Engine/Content/EngineMaterials/BlueNoise.uasset" 72
"../../../Engine/Content/EngineMaterials/DefaultBloomKernel.uasset" 73
"../../../Engine/Content/EngineMaterials/DefaultBokeh.uasset" 74
"../../../Engine/Content/EngineMaterials/DefaultDiffuse.uasset" 75
"../../../Engine/Content/EngineMaterials/DefaultDeferredDecalMaterial.uasset" 76
"../../../Engine/Content/EngineMaterials/DefaultLightFunctionMaterial.uasset" 77
"../../../Engine/Content/EngineMaterials/DefaultPhysicalMaterial.uasset" 78
"../../../Engine/Content/Functions/Engine_MaterialFunctions02/Utility/BreakOutFloat2Components.uasset" 79
"../../../Engine/Content/EngineMaterials/DefaultPostProcessMaterial.uasset" 80
"../../../Engine/Content/EngineFonts/RobotoDistanceField.uasset" 81
"../../../Engine/Content/EngineMaterials/DefaultTextMaterialOpaque.uasset" 82
"../../../Engine/Content/EngineMaterials/DefaultWhiteGrid.uasset" 83
"../../../Engine/Content/EngineMaterials/DefaultWhiteGrid_Low.uasset" 84
"../../../Engine/Content/EngineMaterials/EmissiveMeshMaterial.uasset" 85
"../../../Engine/Content/EngineMaterials/GizmoMaterial.uasset" 86
"../../../Engine/Content/EngineMaterials/Good64x64TilingNoiseHighFreq.uasset" 87
"../../../Engine/Content/EngineMaterials/MiniFont.uasset" 88
"../../../Engine/Content/EngineMaterials/InvalidLightmapSettings.uasset" 89
"../../../Engine/Content/EngineMaterials/M_InvalidLightmapSettings.uasset" 90
"../../../Engine/Content/Functions/Engine_MaterialFunctions02/WorldPositionOffset/CameraOffset.uasset" 91
"../../../Engine/Content/EngineMaterials/PhAT_JointLimitMaterial.uasset" 92
"../../../Engine/Content/EngineMaterials/PreintegratedSkinBRDF.uasset" 93
"../../../Engine/Content/EngineMaterials/RemoveSurfaceMaterial.uasset" 94
"../../../Engine/Content/EngineMaterials/WeightMapPlaceholderTexture.uasset" 95
"../../../Engine/Content/EngineResources/WhiteSquareTexture.uasset" 96
"../../../Engine/Content/EngineMaterials/Widget3DPassThrough.uasset" 97
"../../../Engine/Content/EngineMaterials/Widget3DPassThrough_Masked.uasset" 98
"../../../Engine/Content/EngineMaterials/Widget3DPassThrough_Opaque.uasset" 99
"../../../Engine/Content/EngineMaterials/Widget3DPassThrough_Masked_OneSided.uasset" 100
"../../../Engine/Content/EngineMaterials/Widget3DPassThrough_Opaque_OneSided.uasset" 101
"../../../Engine/Content/EngineMaterials/Widget3DPassThrough_Translucent.uasset" 102
"../../../Engine/Content/EngineMaterials/Widget3DPassThrough_Translucent_OneSided.uasset" 103
"../../../Engine/Content/EngineMeshes/Cylinder.uasset" 104
"../../../Engine/Content/EngineMeshes/Sphere.uasset" 105
"../../../Engine/Content/EngineResources/Black.uasset" 106
"../../../Engine/Content/EngineResources/DefaultTexture.uasset" 107
"../../../Engine/Content/EngineResources/DefaultTextureCube.uasset" 108
"../../../Engine/Content/EngineResources/DefaultVolumeTexture2D.uasset" 109
"../../../Engine/Content/EngineResources/DefaultVolumeTexture.uasset" 110
"../../../Engine/Content/EngineResources/GradientTexture0.uasset" 111
"../../../Engine/Content/EngineSounds/Master.uasset" 112
"../../../Engine/Content/Functions/Engine_MaterialFunctions01/Shading/ConvertFromDiffSpec.uasset" 113
"../../../Engine/Content/Functions/Engine_MaterialFunctions01/Shading/PowerToRoughness.uasset" 114
"../../../Engine/Content/Maps/Templates/Thumbnails/Default.uasset" 115
"../../../Engine/Content/Maps/Templates/Thumbnails/TimeOfDay.uasset" 116
"../../../Engine/Content/Maps/Templates/Thumbnails/VR-Basic.uasset" 117
"../../../Engine/Content/MobileResources/T_MobileControls_texture.uasset" 118
"../../../Engine/Content/MobileResources/T_MobileMenu2.uasset" 119
"../../../Engine/Content/MobileResources/HUD/AnalogHat.uasset" 120
"../../../Engine/Content/MobileResources/HUD/VirtualJoystick_Background.uasset" 121
"../../../Engine/Content/MobileResources/HUD/VirtualJoystick_Thumb.uasset" 122
"../../../Engine/Content/MobileResources/HUD/DefaultVirtualJoysticks.uasset" 123
"../../../Engine/Content/MobileResources/HUD/LeftVirtualJoystickOnly.uasset" 124
"../../../Engine/Content/MobileResources/HUD/MobileHUDButton1_off.uasset" 125
"../../../Engine/Content/MobileResources/HUD/MobileHUDButton1_on.uasset" 126
"../../../Engine/Content/MobileResources/HUD/MobileHUDButton2_off.uasset" 127
"../../../Engine/Content/MobileResources/HUD/MobileHUDButton2_on.uasset" 128
"../../../Engine/Content/MobileResources/HUD/MobileHUDButton3.uasset" 129
"../../../Engine/Content/MobileResources/HUD/MobileHUDButtonFire.uasset" 130
"../../../Engine/Content/MobileResources/HUD/MobileHUDDirectionPad.uasset" 131
"../../../Engine/Content/MobileResources/HUD/MobileHUDDirectionPad2.uasset" 132
"../../../Engine/Content/MobileResources/HUD/MobileHUDDirectionPad3.uasset" 133
"../../../Engine/Content/MobileResources/HUD/MobileHUDDirectionStick.uasset" 134
"../../../Engine/Content/MobileResources/HUD/T_Castle_ThumbstickInner.uasset" 135
"../../../Engine/Content/MobileResources/HUD/T_Castle_ThumbstickOutter.uasset" 136
"../../../Engine/Content/Tutorial/ContentIntroCurve.uasset" 137
"../../../Engine/Content/Tutorial/Basics/LevelEditorAttract.uasset" 138
"../../../Engine/Content/VREditor/LaserPointer/VR_LaserPower_01.uasset" 139
"../../../Engine/Content/VREditor/TransformGizmo/TransformGizmoMaterial.uasset" 140
"../../../Engine/Content/VREditor/TransformGizmo/TranslucentTransformGizmoMaterial.uasset" 141
"../../../Engine/Content/VREditor/TransformGizmo/BoundingBoxCorner.uasset" 142
"../../../Engine/Content/VREditor/TransformGizmo/BoundingBoxEdge.uasset" 143
"../../../Engine/Content/VREditor/TransformGizmo/PlaneTranslationHandle.uasset" 144
"../../../Engine/Content/VREditor/TransformGizmo/Main.uasset" 145
"../../../Engine/Content/VREditor/TransformGizmo/Xray.uasset" 146
"../../../Engine/Content/VREditor/TransformGizmo/SM_Sequencer_Key.uasset" 147
"../../../Engine/Content/VREditor/TransformGizmo/SM_Sequencer_Node.uasset" 148
"../../Plugins/2D/Paper2D/Content/PlaceholderTextures/DummySpriteTexture.uasset" 149
"../../Plugins/2D/Paper2D/Content/DummySprite.uasset" 150
"../../Plugins/2D/Paper2D/Content/DefaultPaperTerrainMaterial.uasset" 151
"../../Plugins/2D/Paper2D/Content/DefaultSpriteMaterial.uasset" 152
"../../Plugins/2D/Paper2D/Content/MaskedUnlitSpriteMaterial.uasset" 153
"../../Plugins/2D/Paper2D/Content/OpaqueUnlitSpriteMaterial.uasset" 154
"../../Plugins/FX/Niagara/Content/Enums/ENiagaraBooleanLogicOps.uasset" 155
"../../Plugins/FX/Niagara/Content/Enums/ENiagaraCoordinateSpace.uasset" 156
"../../Plugins/FX/Niagara/Content/Enums/ENiagaraExpansionMode.uasset" 157
"../../Plugins/FX/Niagara/Content/Enums/ENiagaraOrientationAxis.uasset" 158
"../../Plugins/FX/Niagara/Content/Enums/ENiagaraRandomnessMode.uasset" 159
"../../../Engine/Content/Functions/Engine_MaterialFunctions02/Utility/BreakOutFloat4Components.uasset" 160
"../../../Engine/Content/Functions/Engine_MaterialFunctions02/Utility/MakeFloat2.uasset" 161
"../../../Engine/Content/Functions/Engine_MaterialFunctions02/Utility/MakeFloat3.uasset" 162
"../../Plugins/Runtime/Oculus/OculusVR/Content/Materials/OculusMR_ChromaKey.uasset" 163
"../../Plugins/Runtime/Oculus/OculusVR/Content/Materials/OculusMR_ChromaKey_Lit.uasset" 164
"../../Plugins/Runtime/Oculus/OculusVR/Content/Materials/OculusMR_OpaqueColoredMaterial.uasset" 165
"../../Plugins/Runtime/Oculus/OculusVR/Content/Materials/OculusMR_WhiteMaterial.uasset" 166
"../../../Engine/Content/EditorBlueprintResources/StandardMacros.uasset" 167
"../../../Engine/Content/EngineSky/C_Sky_Cloud_Color.uasset" 168
"../../../Engine/Content/EngineSky/C_Sky_Horizon_Color.uasset" 169
"../../../Engine/Content/EngineSky/C_Sky_Zenith_Color.uasset" 170
"../../../Engine/Content/EngineSky/T_Sky_Blue.uasset" 171
"../../../Engine/Content/EngineSky/T_Sky_Clouds_M.uasset" 172
"../../../Engine/Content/EngineSky/T_Sky_Stars.uasset" 173
"../../../Engine/Content/EngineSky/M_Sky_Panning_Clouds2.uasset" 174
"../../../Engine/Content/EngineSky/SM_SkySphere.uasset" 175
"../../../Engine/Content/EngineSky/BP_Sky_Sphere.uasset" 176
"D:/UE_Project/ShatteredReality/Content/Game/Maps/Level2_BuiltData.uasset" 177
"../../../Engine/Content/BasicShapes/BasicShapeMaterial.uasset" 178
"../../../Engine/Content/BasicShapes/Plane.uasset" 179
"../../../Engine/Content/MapTemplates/SM_Template_Map_Floor.uasset" 180
"D:/UE_Project/ShatteredReality/Content/Game/Maps/Level2.umap" 181
"D:/UE_Project/ShatteredReality/Content/Mannequin/Character/Mesh/UE4_Mannequin_Skeleton.uasset" 182
"D:/UE_Project/ShatteredReality/Content/Mannequin/Animations/ThirdPerson_Jump.uasset" 183
"D:/UE_Project/ShatteredReality/Content/Mannequin/Animations/ThirdPersonJump_Loop.uasset" 184
"D:/UE_Project/ShatteredReality/Content/Mannequin/Animations/ThirdPersonJump_Start.uasset" 185
"D:/UE_Project/ShatteredReality/Content/Mannequin/Animations/ThirdPersonIdle.uasset" 186
"D:/UE_Project/ShatteredReality/Content/Mannequin/Animations/ThirdPersonRun.uasset" 187
"D:/UE_Project/ShatteredReality/Content/Mannequin/Animations/ThirdPersonWalk.uasset" 188
"D:/UE_Project/ShatteredReality/Content/Mannequin/Animations/ThirdPerson_IdleRun_2D.uasset" 189
"D:/UE_Project/ShatteredReality/Content/Mannequin/Animations/ThirdPerson_AnimBP.uasset" 190
"../../../Engine/Content/EditorBlueprintResources/ActorMacros.uasset" 191
"../../../Engine/Content/Animation/DefaultRecorderBoneCompression.uasset" 192
"D:/UE_Project/ShatteredReality/Content/BlenderExport/Mesh/MPX_Skeleton.uasset" 193
"D:/UE_Project/ShatteredReality/Content/BlenderExport/Anim/MPX_Reload.uasset" 194
"D:/UE_Project/ShatteredReality/Content/StarterContent/Materials/M_Basic_Wall.uasset" 195
"D:/UE_Project/ShatteredReality/Content/StarterContent/Shapes/Shape_NarrowCapsule.uasset" 196
"D:/UE_Project/ShatteredReality/Content/Mine/Projectile.uasset" 197
"D:/UE_Project/ShatteredReality/Content/BlenderExport/Mesh/Material_001.uasset" 198
"D:/UE_Project/ShatteredReality/Content/BlenderExport/Mesh/Material_002.uasset" 199
"D:/UE_Project/ShatteredReality/Content/BlenderExport/Mesh/Material_003.uasset" 200
"D:/UE_Project/ShatteredReality/Content/BlenderExport/Mesh/Material_004.uasset" 201
"D:/UE_Project/ShatteredReality/Content/BlenderExport/Mesh/Material_005.uasset" 202
"D:/UE_Project/ShatteredReality/Content/BlenderExport/Mesh/Material_006.uasset" 203
"D:/UE_Project/ShatteredReality/Content/BlenderExport/Mesh/Material_007.uasset" 204
"D:/UE_Project/ShatteredReality/Content/BlenderExport/Mesh/Material_008.uasset" 205
"D:/UE_Project/ShatteredReality/Content/BlenderExport/Mesh/Material_009.uasset" 206
"D:/UE_Project/ShatteredReality/Content/BlenderExport/Mesh/Material_010.uasset" 207
"D:/UE_Project/ShatteredReality/Content/BlenderExport/Mesh/Material_011.uasset" 208
"D:/UE_Project/ShatteredReality/Content/BlenderExport/Mesh/MPX_PhysicsAsset.uasset" 209
"D:/UE_Project/ShatteredReality/Content/BlenderExport/Mesh/MPX.uasset" 210
"D:/UE_Project/ShatteredReality/Content/BlenderExport/Mesh/WeaponBase.uasset" 211
"D:/UE_Project/ShatteredReality/Content/Mine/SpectateCam.uasset" 212
"D:/UE_Project/ShatteredReality/Content/Portals/ProjectilePortal2_RT.uasset" 213
"D:/UE_Project/ShatteredReality/Content/Portals/ProjectilePortal1_RT.uasset" 214
"../../../Engine/Content/EngineDebugMaterials/HeatmapGradient.uasset" 215
"../../../Engine/Content/Functions/Engine_MaterialFunctions01/ImageAdjustment/CheapContrast_RGB.uasset" 216
"../../../Engine/Content/Functions/Engine_MaterialFunctions02/ScreenResolution.uasset" 217
"../../../Engine/Content/Functions/Engine_MaterialFunctions02/SplitComponents.uasset" 218
"../../../Engine/Content/Functions/Engine_MaterialFunctions01/Texturing/ScaleUVsByCenter.uasset" 219
"../../../Engine/Content/Functions/Engine_MaterialFunctions02/Texturing/ScreenAlignedUVs.uasset" 220
"../../../Engine/Content/EngineMaterials/BlendFunc_DefBase.uasset" 221
"../../../Engine/Content/EngineMaterials/BlendFunc_DefBlend.uasset" 222
"../../../Engine/Content/Functions/Engine_MaterialFunctions03/Blends/Blend_Overlay.uasset" 223
"D:/UE_Project/ShatteredReality/Content/Portals/Border/Portal.uasset" 224
"D:/UE_Project/ShatteredReality/Content/StarterContent/Textures/T_Perlin_Noise_M.uasset" 225
"D:/UE_Project/ShatteredReality/Content/Portals/ProjectilePortal1_RT_Mat.uasset" 226
"D:/UE_Project/ShatteredReality/Content/Portals/ProjectilePortal2.uasset" 227
"D:/UE_Project/ShatteredReality/Content/Portals/ProjectilePortal2_RT_Mat.uasset" 228
"D:/UE_Project/ShatteredReality/Content/Portals/ProjectilePortal1.uasset" 229
"../../../Engine/Content/Functions/Engine_MaterialFunctions02/Utility/BlendAngleCorrectedNormals.uasset" 230
"../../../Engine/Content/Functions/MaterialLayerFunctions/MatLayerBlend_NormalBlend.uasset" 231
"../../../Engine/Content/Functions/MaterialLayerFunctions/MatLayerBlend_Simple.uasset" 232
"D:/UE_Project/ShatteredReality/Content/Mannequin/Character/Materials/MaterialLayers/T_ML_Rubber_Blue_01_D.uasset" 233
"D:/UE_Project/ShatteredReality/Content/Mannequin/Character/Materials/MaterialLayers/T_ML_Rubber_Blue_01_N.uasset" 234
"D:/UE_Project/ShatteredReality/Content/Mannequin/Character/Materials/MaterialLayers/ML_GlossyBlack_Latex_UE4.uasset" 235
"D:/UE_Project/ShatteredReality/Content/Mannequin/Character/Materials/MaterialLayers/ML_Plastic_Shiny_Beige.uasset" 236
"D:/UE_Project/ShatteredReality/Content/Mannequin/Character/Textures/UE4_LOGO_CARD.uasset" 237
"D:/UE_Project/ShatteredReality/Content/Mannequin/Character/Materials/MaterialLayers/ML_Plastic_Shiny_Beige_LOGO.uasset" 238
"D:/UE_Project/ShatteredReality/Content/Mannequin/Character/Materials/MaterialLayers/T_ML_Aluminum01.uasset" 239
"D:/UE_Project/ShatteredReality/Content/Mannequin/Character/Materials/MaterialLayers/T_ML_Aluminum01_N.uasset" 240
"D:/UE_Project/ShatteredReality/Content/Mannequin/Character/Materials/MaterialLayers/ML_SoftMetal_UE4.uasset" 241
"D:/UE_Project/ShatteredReality/Content/Mannequin/Character/Textures/UE4_Mannequin__normals.uasset" 242
"D:/UE_Project/ShatteredReality/Content/Mannequin/Character/Textures/UE4_Mannequin_MAT_MASKA.uasset" 243
"D:/UE_Project/ShatteredReality/Content/Mannequin/Character/Materials/M_UE4Man_Body.uasset" 244
"D:/UE_Project/ShatteredReality/Content/Replace/CrosshairNOTMINE.uasset" 245
"D:/UE_Project/ShatteredReality/Content/Game/UI/Hud/HUD.uasset" 246
"D:/UE_Project/ShatteredReality/Content/Game/UI/Hud/PauseMenu.uasset" 247
"D:/UE_Project/ShatteredReality/Content/Mannequin/Character/Textures/UE4Man_Logo_N.uasset" 248
"D:/UE_Project/ShatteredReality/Content/Mannequin/Character/Materials/M_UE4Man_ChestLogo.uasset" 249
"D:/UE_Project/ShatteredReality/Content/Mannequin/Character/Mesh/SK_Mannequin_PhysicsAsset.uasset" 250
"D:/UE_Project/ShatteredReality/Content/Mannequin/Character/Mesh/SK_Mannequin.uasset" 251
"D:/UE_Project/ShatteredReality/Content/ThirdPersonBP/Blueprints/ThirdPersonCharacter.uasset" 252
"D:/UE_Project/ShatteredReality/Content/Game/UI/Hud/TestHud.uasset" 253
"D:/UE_Project/ShatteredReality/Content/Game/GameModes/TDM_Gamemode.uasset" 254
"D:/UE_Project/ShatteredReality/Content/Game/Maps/MainLevel_BuiltData.uasset" 255
"D:/UE_Project/ShatteredReality/Content/StarterContent/Textures/T_Brick_Clay_New_D.uasset" 256
"D:/UE_Project/ShatteredReality/Content/StarterContent/Textures/T_Brick_Clay_New_M.uasset" 257
"D:/UE_Project/ShatteredReality/Content/StarterContent/Textures/T_Brick_Clay_New_N.uasset" 258
"D:/UE_Project/ShatteredReality/Content/StarterContent/Textures/T_Detail_Rocky_N.uasset" 259
"D:/UE_Project/ShatteredReality/Content/StarterContent/Textures/T_MacroVariation.uasset" 260
"D:/UE_Project/ShatteredReality/Content/StarterContent/Materials/M_Brick_Clay_New.uasset" 261
"D:/UE_Project/ShatteredReality/Content/StarterContent/Textures/T_Concrete_Tiles_D.uasset" 262
"D:/UE_Project/ShatteredReality/Content/StarterContent/Textures/T_Concrete_Tiles_M.uasset" 263
"D:/UE_Project/ShatteredReality/Content/StarterContent/Textures/T_Concrete_Tiles_N.uasset" 264
"D:/UE_Project/ShatteredReality/Content/StarterContent/Textures/T_Concrete_Tiles_Variation_M.uasset" 265
"D:/UE_Project/ShatteredReality/Content/StarterContent/Materials/M_Concrete_Tiles.uasset" 266
"D:/UE_Project/ShatteredReality/Content/StarterContent/Textures/T_Ground_Grass_D.uasset" 267
"D:/UE_Project/ShatteredReality/Content/StarterContent/Textures/T_Ground_Grass_N.uasset" 268
"D:/UE_Project/ShatteredReality/Content/StarterContent/Materials/M_Ground_Grass.uasset" 269
"D:/UE_Project/ShatteredReality/Content/StarterContent/Materials/M_Metal_Chrome.uasset" 270
"D:/UE_Project/ShatteredReality/Content/StarterContent/Textures/T_Tech_Hex_Tile_M.uasset" 271
"D:/UE_Project/ShatteredReality/Content/StarterContent/Textures/T_Tech_Hex_Tile_N.uasset" 272
"D:/UE_Project/ShatteredReality/Content/StarterContent/Materials/M_Tech_Hex_Tile_Pulse.uasset" 273
"D:/UE_Project/ShatteredReality/Content/StarterContent/Textures/T_Wood_Oak_D.uasset" 274
"D:/UE_Project/ShatteredReality/Content/StarterContent/Textures/T_Wood_Oak_N.uasset" 275
"D:/UE_Project/ShatteredReality/Content/StarterContent/Materials/M_Wood_Oak.uasset" 276
"D:/UE_Project/ShatteredReality/Content/StarterContent/Textures/T_Wood_Pine_D.uasset" 277
"D:/UE_Project/ShatteredReality/Content/StarterContent/Textures/T_Wood_Pine_N.uasset" 278
"D:/UE_Project/ShatteredReality/Content/StarterContent/Materials/M_Wood_Pine.uasset" 279
"../../../Engine/Content/BasicShapes/Cube.uasset" 280
"D:/UE_Project/ShatteredReality/Content/Geometry/Meshes/CubeMaterial.uasset" 281
"D:/UE_Project/ShatteredReality/Content/Geometry/Meshes/1M_Cube_Chamfer.uasset" 282
"D:/UE_Project/ShatteredReality/Content/Geometry/Meshes/TemplateFloor.uasset" 283
"D:/UE_Project/ShatteredReality/Content/ThirdPerson/Meshes/RampMaterial.uasset" 284
"D:/UE_Project/ShatteredReality/Content/ThirdPerson/Meshes/Bump_StaticMesh.uasset" 285
"D:/UE_Project/ShatteredReality/Content/ThirdPerson/Meshes/LeftArm_StaticMesh.uasset" 286
"D:/UE_Project/ShatteredReality/Content/ThirdPerson/Meshes/Linear_Stair_StaticMesh.uasset" 287
"D:/UE_Project/ShatteredReality/Content/ThirdPerson/Meshes/Ramp_StaticMesh.uasset" 288
"D:/UE_Project/ShatteredReality/Content/ThirdPerson/Meshes/RightArm_StaticMesh.uasset" 289
"D:/UE_Project/ShatteredReality/Content/Game/Maps/MainLevel.umap" 290
"D:/UE_Project/ShatteredReality/Content/Game/GameInstances/MyGameInstance.uasset" 291
"D:/UE_Project/ShatteredReality/Content/Game/UI/MainMenu/CreateServer.uasset" 292
"D:/UE_Project/ShatteredReality/Content/Game/UI/MainMenu/Server.uasset" 293
"D:/UE_Project/ShatteredReality/Content/Game/UI/MainMenu/ServerScrollBox.uasset" 294
"D:/UE_Project/ShatteredReality/Content/Game/UI/MainMenu/ServerBrowser.uasset" 295
"D:/UE_Project/ShatteredReality/Content/Game/UI/MainMenu/MainMenu.uasset" 296
"D:/UE_Project/ShatteredReality/Content/Game/UI/MainMenu/MainMenuCharacter.uasset" 297
"D:/UE_Project/ShatteredReality/Content/Game/GameModes/MainMenu_Gamemode.uasset" 298
"D:/UE_Project/ShatteredReality/Content/Game/Maps/MuliplayerMainMenu_BuiltData.uasset" 299
"D:/UE_Project/ShatteredReality/Content/Game/Maps/MuliplayerMainMenu.umap" 300
"D:/UE_Project/ShatteredReality/Content/Game/Maps/TransitionMap_BuiltData.uasset" 301
"D:/UE_Project/ShatteredReality/Content/Game/Maps/TransitionMap.umap" 302
